------------------------------------------------------------
Number of GPU devices found = 2
[Device: 0] Compute Capability 3.5.
 ... multiprocessor count  = 13
 ... max threads per multiprocessor = 2048
 ... max threads per block = 1024
 ... max block dimension   = 1024, 1024, 64 (along x, y, z)
 ... max grid size         = 2147483647, 65535, 65535 (along x, y, z)
 ... warp size             = 32
 ... clock rate            = 705 MHz
[Device: 1] Compute Capability 3.5.
 ... multiprocessor count  = 13
 ... max threads per multiprocessor = 2048
 ... max threads per block = 1024
 ... max block dimension   = 1024, 1024, 64 (along x, y, z)
 ... max grid size         = 2147483647, 65535, 65535 (along x, y, z)
 ... warp size             = 32
 ... clock rate            = 705 MHz
------------------------------------------------------------
Number of Points    = 16
GPU Host-to-device  = 0.024512 ms 
GPU Device-to-host  = 0.021696 ms 
GPU execution time  = 0.080832 ms 
CPU execution time  = 0.000975 ms
Min. distance (GPU) = 4.233771e-01
Min. distance (CPU) = 4.233771e-01
Relative error      = 7.039191e-08
------------------------------------------------------------
Number of GPU devices found = 2
[Device: 0] Compute Capability 3.5.
 ... multiprocessor count  = 13
 ... max threads per multiprocessor = 2048
 ... max threads per block = 1024
 ... max block dimension   = 1024, 1024, 64 (along x, y, z)
 ... max grid size         = 2147483647, 65535, 65535 (along x, y, z)
 ... warp size             = 32
 ... clock rate            = 705 MHz
[Device: 1] Compute Capability 3.5.
 ... multiprocessor count  = 13
 ... max threads per multiprocessor = 2048
 ... max threads per block = 1024
 ... max block dimension   = 1024, 1024, 64 (along x, y, z)
 ... max grid size         = 2147483647, 65535, 65535 (along x, y, z)
 ... warp size             = 32
 ... clock rate            = 705 MHz
------------------------------------------------------------
Number of Points    = 32
GPU Host-to-device  = 0.017824 ms 
GPU Device-to-host  = 0.022080 ms 
GPU execution time  = 0.065408 ms 
CPU execution time  = 0.001575 ms
Min. distance (GPU) = 2.055585e-01
Min. distance (CPU) = 2.055585e-01
Relative error      = 0.000000e+00
------------------------------------------------------------
Number of GPU devices found = 2
[Device: 0] Compute Capability 3.5.
 ... multiprocessor count  = 13
 ... max threads per multiprocessor = 2048
 ... max threads per block = 1024
 ... max block dimension   = 1024, 1024, 64 (along x, y, z)
 ... max grid size         = 2147483647, 65535, 65535 (along x, y, z)
 ... warp size             = 32
 ... clock rate            = 705 MHz
[Device: 1] Compute Capability 3.5.
 ... multiprocessor count  = 13
 ... max threads per multiprocessor = 2048
 ... max threads per block = 1024
 ... max block dimension   = 1024, 1024, 64 (along x, y, z)
 ... max grid size         = 2147483647, 65535, 65535 (along x, y, z)
 ... warp size             = 32
 ... clock rate            = 705 MHz
------------------------------------------------------------
Number of Points    = 64
GPU Host-to-device  = 0.029024 ms 
GPU Device-to-host  = 0.021024 ms 
GPU execution time  = 0.083360 ms 
CPU execution time  = 0.003561 ms
Min. distance (GPU) = 4.616791e-02
Min. distance (CPU) = 4.616791e-02
Relative error      = 0.000000e+00
------------------------------------------------------------
Number of GPU devices found = 2
[Device: 0] Compute Capability 3.5.
 ... multiprocessor count  = 13
 ... max threads per multiprocessor = 2048
 ... max threads per block = 1024
 ... max block dimension   = 1024, 1024, 64 (along x, y, z)
 ... max grid size         = 2147483647, 65535, 65535 (along x, y, z)
 ... warp size             = 32
 ... clock rate            = 705 MHz
[Device: 1] Compute Capability 3.5.
 ... multiprocessor count  = 13
 ... max threads per multiprocessor = 2048
 ... max threads per block = 1024
 ... max block dimension   = 1024, 1024, 64 (along x, y, z)
 ... max grid size         = 2147483647, 65535, 65535 (along x, y, z)
 ... warp size             = 32
 ... clock rate            = 705 MHz
------------------------------------------------------------
Number of Points    = 128
GPU Host-to-device  = 0.030560 ms 
GPU Device-to-host  = 0.022944 ms 
GPU execution time  = 0.124608 ms 
CPU execution time  = 0.009804 ms
Min. distance (GPU) = 3.302235e-02
Min. distance (CPU) = 3.302235e-02
Relative error      = 0.000000e+00
------------------------------------------------------------
Number of GPU devices found = 2
[Device: 0] Compute Capability 3.5.
 ... multiprocessor count  = 13
 ... max threads per multiprocessor = 2048
 ... max threads per block = 1024
 ... max block dimension   = 1024, 1024, 64 (along x, y, z)
 ... max grid size         = 2147483647, 65535, 65535 (along x, y, z)
 ... warp size             = 32
 ... clock rate            = 705 MHz
[Device: 1] Compute Capability 3.5.
 ... multiprocessor count  = 13
 ... max threads per multiprocessor = 2048
 ... max threads per block = 1024
 ... max block dimension   = 1024, 1024, 64 (along x, y, z)
 ... max grid size         = 2147483647, 65535, 65535 (along x, y, z)
 ... warp size             = 32
 ... clock rate            = 705 MHz
------------------------------------------------------------
Number of Points    = 256
GPU Host-to-device  = 0.031008 ms 
GPU Device-to-host  = 0.022016 ms 
GPU execution time  = 0.202912 ms 
CPU execution time  = 0.031173 ms
Min. distance (GPU) = 4.670065e-02
Min. distance (CPU) = 4.670065e-02
Relative error      = 0.000000e+00
------------------------------------------------------------
Number of GPU devices found = 2
[Device: 0] Compute Capability 3.5.
 ... multiprocessor count  = 13
 ... max threads per multiprocessor = 2048
 ... max threads per block = 1024
 ... max block dimension   = 1024, 1024, 64 (along x, y, z)
 ... max grid size         = 2147483647, 65535, 65535 (along x, y, z)
 ... warp size             = 32
 ... clock rate            = 705 MHz
[Device: 1] Compute Capability 3.5.
 ... multiprocessor count  = 13
 ... max threads per multiprocessor = 2048
 ... max threads per block = 1024
 ... max block dimension   = 1024, 1024, 64 (along x, y, z)
 ... max grid size         = 2147483647, 65535, 65535 (along x, y, z)
 ... warp size             = 32
 ... clock rate            = 705 MHz
------------------------------------------------------------
Number of Points    = 512
GPU Host-to-device  = 0.032096 ms 
GPU Device-to-host  = 0.023328 ms 
GPU execution time  = 0.349952 ms 
CPU execution time  = 0.112647 ms
Min. distance (GPU) = 5.065696e-02
Min. distance (CPU) = 5.065696e-02
Relative error      = 0.000000e+00
------------------------------------------------------------
Number of GPU devices found = 2
[Device: 0] Compute Capability 3.5.
 ... multiprocessor count  = 13
 ... max threads per multiprocessor = 2048
 ... max threads per block = 1024
 ... max block dimension   = 1024, 1024, 64 (along x, y, z)
 ... max grid size         = 2147483647, 65535, 65535 (along x, y, z)
 ... warp size             = 32
 ... clock rate            = 705 MHz
[Device: 1] Compute Capability 3.5.
 ... multiprocessor count  = 13
 ... max threads per multiprocessor = 2048
 ... max threads per block = 1024
 ... max block dimension   = 1024, 1024, 64 (along x, y, z)
 ... max grid size         = 2147483647, 65535, 65535 (along x, y, z)
 ... warp size             = 32
 ... clock rate            = 705 MHz
------------------------------------------------------------
Number of Points    = 1024
GPU Host-to-device  = 0.036128 ms 
GPU Device-to-host  = 0.023168 ms 
GPU execution time  = 0.657024 ms 
CPU execution time  = 0.436522 ms
Min. distance (GPU) = 6.268120e-03
Min. distance (CPU) = 6.268120e-03
Relative error      = 0.000000e+00
------------------------------------------------------------
Number of GPU devices found = 2
[Device: 0] Compute Capability 3.5.
 ... multiprocessor count  = 13
 ... max threads per multiprocessor = 2048
 ... max threads per block = 1024
 ... max block dimension   = 1024, 1024, 64 (along x, y, z)
 ... max grid size         = 2147483647, 65535, 65535 (along x, y, z)
 ... warp size             = 32
 ... clock rate            = 705 MHz
[Device: 1] Compute Capability 3.5.
 ... multiprocessor count  = 13
 ... max threads per multiprocessor = 2048
 ... max threads per block = 1024
 ... max block dimension   = 1024, 1024, 64 (along x, y, z)
 ... max grid size         = 2147483647, 65535, 65535 (along x, y, z)
 ... warp size             = 32
 ... clock rate            = 705 MHz
------------------------------------------------------------
Number of Points    = 2048
GPU Host-to-device  = 0.041632 ms 
GPU Device-to-host  = 0.021408 ms 
GPU execution time  = 1.273056 ms 
CPU execution time  = 1.684713 ms
Min. distance (GPU) = 8.863139e-03
Min. distance (CPU) = 8.863138e-03
Relative error      = 1.050782e-07
------------------------------------------------------------
Number of GPU devices found = 2
[Device: 0] Compute Capability 3.5.
 ... multiprocessor count  = 13
 ... max threads per multiprocessor = 2048
 ... max threads per block = 1024
 ... max block dimension   = 1024, 1024, 64 (along x, y, z)
 ... max grid size         = 2147483647, 65535, 65535 (along x, y, z)
 ... warp size             = 32
 ... clock rate            = 705 MHz
[Device: 1] Compute Capability 3.5.
 ... multiprocessor count  = 13
 ... max threads per multiprocessor = 2048
 ... max threads per block = 1024
 ... max block dimension   = 1024, 1024, 64 (along x, y, z)
 ... max grid size         = 2147483647, 65535, 65535 (along x, y, z)
 ... warp size             = 32
 ... clock rate            = 705 MHz
------------------------------------------------------------
Number of Points    = 4096
GPU Host-to-device  = 0.052768 ms 
GPU Device-to-host  = 0.022560 ms 
GPU execution time  = 2.505568 ms 
CPU execution time  = 6.651212 ms
Min. distance (GPU) = 1.253624e-02
Min. distance (CPU) = 1.253624e-02
Relative error      = 0.000000e+00
------------------------------------------------------------
Number of GPU devices found = 2
[Device: 0] Compute Capability 3.5.
 ... multiprocessor count  = 13
 ... max threads per multiprocessor = 2048
 ... max threads per block = 1024
 ... max block dimension   = 1024, 1024, 64 (along x, y, z)
 ... max grid size         = 2147483647, 65535, 65535 (along x, y, z)
 ... warp size             = 32
 ... clock rate            = 705 MHz
[Device: 1] Compute Capability 3.5.
 ... multiprocessor count  = 13
 ... max threads per multiprocessor = 2048
 ... max threads per block = 1024
 ... max block dimension   = 1024, 1024, 64 (along x, y, z)
 ... max grid size         = 2147483647, 65535, 65535 (along x, y, z)
 ... warp size             = 32
 ... clock rate            = 705 MHz
------------------------------------------------------------
Number of Points    = 8192
GPU Host-to-device  = 0.077696 ms 
GPU Device-to-host  = 0.022880 ms 
GPU execution time  = 4.967840 ms 
CPU execution time  = 26.511049 ms
Min. distance (GPU) = 1.201180e-02
Min. distance (CPU) = 1.201180e-02
Relative error      = 7.753397e-08
------------------------------------------------------------
Number of GPU devices found = 2
[Device: 0] Compute Capability 3.5.
 ... multiprocessor count  = 13
 ... max threads per multiprocessor = 2048
 ... max threads per block = 1024
 ... max block dimension   = 1024, 1024, 64 (along x, y, z)
 ... max grid size         = 2147483647, 65535, 65535 (along x, y, z)
 ... warp size             = 32
 ... clock rate            = 705 MHz
[Device: 1] Compute Capability 3.5.
 ... multiprocessor count  = 13
 ... max threads per multiprocessor = 2048
 ... max threads per block = 1024
 ... max block dimension   = 1024, 1024, 64 (along x, y, z)
 ... max grid size         = 2147483647, 65535, 65535 (along x, y, z)
 ... warp size             = 32
 ... clock rate            = 705 MHz
------------------------------------------------------------
Number of Points    = 16384
GPU Host-to-device  = 0.126784 ms 
GPU Device-to-host  = 0.023072 ms 
GPU execution time  = 10.408448 ms 
CPU execution time  = 105.637466 ms
Min. distance (GPU) = 4.213715e-03
Min. distance (CPU) = 4.213715e-03
Relative error      = 0.000000e+00
------------------------------------------------------------
Number of GPU devices found = 2
[Device: 0] Compute Capability 3.5.
 ... multiprocessor count  = 13
 ... max threads per multiprocessor = 2048
 ... max threads per block = 1024
 ... max block dimension   = 1024, 1024, 64 (along x, y, z)
 ... max grid size         = 2147483647, 65535, 65535 (along x, y, z)
 ... warp size             = 32
 ... clock rate            = 705 MHz
[Device: 1] Compute Capability 3.5.
 ... multiprocessor count  = 13
 ... max threads per multiprocessor = 2048
 ... max threads per block = 1024
 ... max block dimension   = 1024, 1024, 64 (along x, y, z)
 ... max grid size         = 2147483647, 65535, 65535 (along x, y, z)
 ... warp size             = 32
 ... clock rate            = 705 MHz
------------------------------------------------------------
Number of Points    = 32768
GPU Host-to-device  = 0.156512 ms 
GPU Device-to-host  = 0.022624 ms 
GPU execution time  = 23.819904 ms 
CPU execution time  = 423.415741 ms
Min. distance (GPU) = 1.945993e-03
Min. distance (CPU) = 1.945993e-03
Relative error      = 0.000000e+00
------------------------------------------------------------
Number of GPU devices found = 2
[Device: 0] Compute Capability 3.5.
 ... multiprocessor count  = 13
 ... max threads per multiprocessor = 2048
 ... max threads per block = 1024
 ... max block dimension   = 1024, 1024, 64 (along x, y, z)
 ... max grid size         = 2147483647, 65535, 65535 (along x, y, z)
 ... warp size             = 32
 ... clock rate            = 705 MHz
[Device: 1] Compute Capability 3.5.
 ... multiprocessor count  = 13
 ... max threads per multiprocessor = 2048
 ... max threads per block = 1024
 ... max block dimension   = 1024, 1024, 64 (along x, y, z)
 ... max grid size         = 2147483647, 65535, 65535 (along x, y, z)
 ... warp size             = 32
 ... clock rate            = 705 MHz
------------------------------------------------------------
Number of Points    = 65536
GPU Host-to-device  = 0.282528 ms 
GPU Device-to-host  = 0.022560 ms 
GPU execution time  = 73.333023 ms 
CPU execution time  = 1704.760498 ms
Min. distance (GPU) = 1.979487e-03
Min. distance (CPU) = 1.979487e-03
Relative error      = 1.176217e-07
------------------------------------------------------------
Number of GPU devices found = 2
[Device: 0] Compute Capability 3.5.
 ... multiprocessor count  = 13
 ... max threads per multiprocessor = 2048
 ... max threads per block = 1024
 ... max block dimension   = 1024, 1024, 64 (along x, y, z)
 ... max grid size         = 2147483647, 65535, 65535 (along x, y, z)
 ... warp size             = 32
 ... clock rate            = 705 MHz
[Device: 1] Compute Capability 3.5.
 ... multiprocessor count  = 13
 ... max threads per multiprocessor = 2048
 ... max threads per block = 1024
 ... max block dimension   = 1024, 1024, 64 (along x, y, z)
 ... max grid size         = 2147483647, 65535, 65535 (along x, y, z)
 ... warp size             = 32
 ... clock rate            = 705 MHz
------------------------------------------------------------
Number of Points    = 131072
GPU Host-to-device  = 0.529472 ms 
GPU Device-to-host  = 0.023616 ms 
GPU execution time  = 274.725098 ms 
CPU execution time  = 6838.718262 ms
Min. distance (GPU) = 2.794401e-03
Min. distance (CPU) = 2.794400e-03
Relative error      = 8.332043e-08
